2021-05-26 17:32:18,598 INFO org.apache.hadoop.yarn.server.resourcemanager.ResourceManager: STARTUP_MSG: 
/************************************************************
STARTUP_MSG: Starting ResourceManager
STARTUP_MSG:   host = amax8/10.176.24.161
STARTUP_MSG:   args = []
STARTUP_MSG:   version = 3.1.4
STARTUP_MSG:   classpath = /home/lfy/hadoop-3.1.4/etc/hadoop:/home/lfy/hadoop-3.1.4/share/hadoop/common/lib/kerb-server-1.0.1.jar:/home/lfy/hadoop-3.1.4/share/hadoop/common/lib/kerb-identity-1.0.1.jar:/home/lfy/hadoop-3.1.4/share/hadoop/common/lib/hadoop-auth-3.1.4.jar:/home/lfy/hadoop-3.1.4/share/hadoop/common/lib/jsr305-3.0.2.jar:/home/lfy/hadoop-3.1.4/share/hadoop/common/lib/jackson-xc-1.9.13.jar:/home/lfy/hadoop-3.1.4/share/hadoop/common/lib/httpcore-4.4.4.jar:/home/lfy/hadoop-3.1.4/share/hadoop/common/lib/listenablefuture-9999.0-empty-to-avoid-conflict-with-guava.jar:/home/lfy/hadoop-3.1.4/share/hadoop/common/lib/jackson-core-2.9.10.jar:/home/lfy/hadoop-3.1.4/share/hadoop/common/lib/snappy-java-1.0.5.jar:/home/lfy/hadoop-3.1.4/share/hadoop/common/lib/commons-io-2.5.jar:/home/lfy/hadoop-3.1.4/share/hadoop/common/lib/jsp-api-2.1.jar:/home/lfy/hadoop-3.1.4/share/hadoop/common/lib/commons-configuration2-2.1.1.jar:/home/lfy/hadoop-3.1.4/share/hadoop/common/lib/jettison-1.1.jar:/home/lfy/hadoop-3.1.4/share/hadoop/common/lib/jaxb-impl-2.2.3-1.jar:/home/lfy/hadoop-3.1.4/share/hadoop/common/lib/asm-5.0.4.jar:/home/lfy/hadoop-3.1.4/share/hadoop/common/lib/zookeeper-3.4.13.jar:/home/lfy/hadoop-3.1.4/share/hadoop/common/lib/jackson-mapper-asl-1.9.13.jar:/home/lfy/hadoop-3.1.4/share/hadoop/common/lib/commons-compress-1.19.jar:/home/lfy/hadoop-3.1.4/share/hadoop/common/lib/jersey-server-1.19.jar:/home/lfy/hadoop-3.1.4/share/hadoop/common/lib/avro-1.7.7.jar:/home/lfy/hadoop-3.1.4/share/hadoop/common/lib/jsch-0.1.55.jar:/home/lfy/hadoop-3.1.4/share/hadoop/common/lib/re2j-1.1.jar:/home/lfy/hadoop-3.1.4/share/hadoop/common/lib/kerb-crypto-1.0.1.jar:/home/lfy/hadoop-3.1.4/share/hadoop/common/lib/commons-lang3-3.4.jar:/home/lfy/hadoop-3.1.4/share/hadoop/common/lib/nimbus-jose-jwt-7.9.jar:/home/lfy/hadoop-3.1.4/share/hadoop/common/lib/json-smart-2.3.jar:/home/lfy/hadoop-3.1.4/share/hadoop/common/lib/protobuf-java-2.5.0.jar:/home/lfy/hadoop-3.1.4/share/hadoop/common/lib/httpclient-4.5.2.jar:/home/lfy/hadoop-3.1.4/share/hadoop/common/lib/jcip-annotations-1.0-1.jar:/home/lfy/hadoop-3.1.4/share/hadoop/common/lib/jersey-core-1.19.jar:/home/lfy/hadoop-3.1.4/share/hadoop/common/lib/animal-sniffer-annotations-1.17.jar:/home/lfy/hadoop-3.1.4/share/hadoop/common/lib/paranamer-2.3.jar:/home/lfy/hadoop-3.1.4/share/hadoop/common/lib/log4j-1.2.17.jar:/home/lfy/hadoop-3.1.4/share/hadoop/common/lib/jetty-xml-9.4.20.v20190813.jar:/home/lfy/hadoop-3.1.4/share/hadoop/common/lib/htrace-core4-4.1.0-incubating.jar:/home/lfy/hadoop-3.1.4/share/hadoop/common/lib/jetty-servlet-9.4.20.v20190813.jar:/home/lfy/hadoop-3.1.4/share/hadoop/common/lib/jetty-webapp-9.4.20.v20190813.jar:/home/lfy/hadoop-3.1.4/share/hadoop/common/lib/curator-framework-2.13.0.jar:/home/lfy/hadoop-3.1.4/share/hadoop/common/lib/jackson-databind-2.9.10.4.jar:/home/lfy/hadoop-3.1.4/share/hadoop/common/lib/jul-to-slf4j-1.7.25.jar:/home/lfy/hadoop-3.1.4/share/hadoop/common/lib/kerb-common-1.0.1.jar:/home/lfy/hadoop-3.1.4/share/hadoop/common/lib/kerby-asn1-1.0.1.jar:/home/lfy/hadoop-3.1.4/share/hadoop/common/lib/jetty-security-9.4.20.v20190813.jar:/home/lfy/hadoop-3.1.4/share/hadoop/common/lib/kerby-xdr-1.0.1.jar:/home/lfy/hadoop-3.1.4/share/hadoop/common/lib/failureaccess-1.0.jar:/home/lfy/hadoop-3.1.4/share/hadoop/common/lib/hadoop-annotations-3.1.4.jar:/home/lfy/hadoop-3.1.4/share/hadoop/common/lib/jetty-server-9.4.20.v20190813.jar:/home/lfy/hadoop-3.1.4/share/hadoop/common/lib/kerb-util-1.0.1.jar:/home/lfy/hadoop-3.1.4/share/hadoop/common/lib/commons-logging-1.1.3.jar:/home/lfy/hadoop-3.1.4/share/hadoop/common/lib/commons-beanutils-1.9.4.jar:/home/lfy/hadoop-3.1.4/share/hadoop/common/lib/jsr311-api-1.1.1.jar:/home/lfy/hadoop-3.1.4/share/hadoop/common/lib/kerby-config-1.0.1.jar:/home/lfy/hadoop-3.1.4/share/hadoop/common/lib/jackson-annotations-2.9.10.jar:/home/lfy/hadoop-3.1.4/share/hadoop/common/lib/jetty-util-9.4.20.v20190813.jar:/home/lfy/hadoop-3.1.4/share/hadoop/common/lib/curator-client-2.13.0.jar:/home/lfy/hadoop-3.1.4/share/hadoop/common/lib/jackson-core-asl-1.9.13.jar:/home/lfy/hadoop-3.1.4/share/hadoop/common/lib/checker-qual-2.5.2.jar:/home/lfy/hadoop-3.1.4/share/hadoop/common/lib/kerb-simplekdc-1.0.1.jar:/home/lfy/hadoop-3.1.4/share/hadoop/common/lib/kerby-pkix-1.0.1.jar:/home/lfy/hadoop-3.1.4/share/hadoop/common/lib/commons-net-3.6.jar:/home/lfy/hadoop-3.1.4/share/hadoop/common/lib/token-provider-1.0.1.jar:/home/lfy/hadoop-3.1.4/share/hadoop/common/lib/javax.servlet-api-3.1.0.jar:/home/lfy/hadoop-3.1.4/share/hadoop/common/lib/commons-lang-2.6.jar:/home/lfy/hadoop-3.1.4/share/hadoop/common/lib/jetty-io-9.4.20.v20190813.jar:/home/lfy/hadoop-3.1.4/share/hadoop/common/lib/commons-codec-1.11.jar:/home/lfy/hadoop-3.1.4/share/hadoop/common/lib/commons-collections-3.2.2.jar:/home/lfy/hadoop-3.1.4/share/hadoop/common/lib/woodstox-core-5.0.3.jar:/home/lfy/hadoop-3.1.4/share/hadoop/common/lib/kerb-client-1.0.1.jar:/home/lfy/hadoop-3.1.4/share/hadoop/common/lib/curator-recipes-2.13.0.jar:/home/lfy/hadoop-3.1.4/share/hadoop/common/lib/slf4j-api-1.7.25.jar:/home/lfy/hadoop-3.1.4/share/hadoop/common/lib/accessors-smart-1.2.jar:/home/lfy/hadoop-3.1.4/share/hadoop/common/lib/kerby-util-1.0.1.jar:/home/lfy/hadoop-3.1.4/share/hadoop/common/lib/jetty-http-9.4.20.v20190813.jar:/home/lfy/hadoop-3.1.4/share/hadoop/common/lib/kerb-admin-1.0.1.jar:/home/lfy/hadoop-3.1.4/share/hadoop/common/lib/kerb-core-1.0.1.jar:/home/lfy/hadoop-3.1.4/share/hadoop/common/lib/netty-3.10.6.Final.jar:/home/lfy/hadoop-3.1.4/share/hadoop/common/lib/j2objc-annotations-1.1.jar:/home/lfy/hadoop-3.1.4/share/hadoop/common/lib/commons-cli-1.2.jar:/home/lfy/hadoop-3.1.4/share/hadoop/common/lib/jersey-json-1.19.jar:/home/lfy/hadoop-3.1.4/share/hadoop/common/lib/audience-annotations-0.5.0.jar:/home/lfy/hadoop-3.1.4/share/hadoop/common/lib/error_prone_annotations-2.2.0.jar:/home/lfy/hadoop-3.1.4/share/hadoop/common/lib/guava-27.0-jre.jar:/home/lfy/hadoop-3.1.4/share/hadoop/common/lib/jersey-servlet-1.19.jar:/home/lfy/hadoop-3.1.4/share/hadoop/common/lib/slf4j-log4j12-1.7.25.jar:/home/lfy/hadoop-3.1.4/share/hadoop/common/lib/commons-math3-3.1.1.jar:/home/lfy/hadoop-3.1.4/share/hadoop/common/lib/jackson-jaxrs-1.9.13.jar:/home/lfy/hadoop-3.1.4/share/hadoop/common/lib/metrics-core-3.2.4.jar:/home/lfy/hadoop-3.1.4/share/hadoop/common/lib/gson-2.2.4.jar:/home/lfy/hadoop-3.1.4/share/hadoop/common/lib/jaxb-api-2.2.11.jar:/home/lfy/hadoop-3.1.4/share/hadoop/common/lib/stax2-api-3.1.4.jar:/home/lfy/hadoop-3.1.4/share/hadoop/common/hadoop-nfs-3.1.4.jar:/home/lfy/hadoop-3.1.4/share/hadoop/common/hadoop-common-3.1.4-tests.jar:/home/lfy/hadoop-3.1.4/share/hadoop/common/hadoop-common-3.1.4.jar:/home/lfy/hadoop-3.1.4/share/hadoop/common/hadoop-kms-3.1.4.jar:/home/lfy/hadoop-3.1.4/share/hadoop/hdfs:/home/lfy/hadoop-3.1.4/share/hadoop/hdfs/lib/kerb-server-1.0.1.jar:/home/lfy/hadoop-3.1.4/share/hadoop/hdfs/lib/kerb-identity-1.0.1.jar:/home/lfy/hadoop-3.1.4/share/hadoop/hdfs/lib/hadoop-auth-3.1.4.jar:/home/lfy/hadoop-3.1.4/share/hadoop/hdfs/lib/jsr305-3.0.2.jar:/home/lfy/hadoop-3.1.4/share/hadoop/hdfs/lib/jackson-xc-1.9.13.jar:/home/lfy/hadoop-3.1.4/share/hadoop/hdfs/lib/netty-all-4.1.48.Final.jar:/home/lfy/hadoop-3.1.4/share/hadoop/hdfs/lib/httpcore-4.4.4.jar:/home/lfy/hadoop-3.1.4/share/hadoop/hdfs/lib/listenablefuture-9999.0-empty-to-avoid-conflict-with-guava.jar:/home/lfy/hadoop-3.1.4/share/hadoop/hdfs/lib/jackson-core-2.9.10.jar:/home/lfy/hadoop-3.1.4/share/hadoop/hdfs/lib/snappy-java-1.0.5.jar:/home/lfy/hadoop-3.1.4/share/hadoop/hdfs/lib/commons-io-2.5.jar:/home/lfy/hadoop-3.1.4/share/hadoop/hdfs/lib/okio-1.6.0.jar:/home/lfy/hadoop-3.1.4/share/hadoop/hdfs/lib/commons-configuration2-2.1.1.jar:/home/lfy/hadoop-3.1.4/share/hadoop/hdfs/lib/jettison-1.1.jar:/home/lfy/hadoop-3.1.4/share/hadoop/hdfs/lib/jaxb-impl-2.2.3-1.jar:/home/lfy/hadoop-3.1.4/share/hadoop/hdfs/lib/asm-5.0.4.jar:/home/lfy/hadoop-3.1.4/share/hadoop/hdfs/lib/zookeeper-3.4.13.jar:/home/lfy/hadoop-3.1.4/share/hadoop/hdfs/lib/jackson-mapper-asl-1.9.13.jar:/home/lfy/hadoop-3.1.4/share/hadoop/hdfs/lib/commons-compress-1.19.jar:/home/lfy/hadoop-3.1.4/share/hadoop/hdfs/lib/jersey-server-1.19.jar:/home/lfy/hadoop-3.1.4/share/hadoop/hdfs/lib/avro-1.7.7.jar:/home/lfy/hadoop-3.1.4/share/hadoop/hdfs/lib/jsch-0.1.55.jar:/home/lfy/hadoop-3.1.4/share/hadoop/hdfs/lib/re2j-1.1.jar:/home/lfy/hadoop-3.1.4/share/hadoop/hdfs/lib/kerb-crypto-1.0.1.jar:/home/lfy/hadoop-3.1.4/share/hadoop/hdfs/lib/commons-lang3-3.4.jar:/home/lfy/hadoop-3.1.4/share/hadoop/hdfs/lib/nimbus-jose-jwt-7.9.jar:/home/lfy/hadoop-3.1.4/share/hadoop/hdfs/lib/json-smart-2.3.jar:/home/lfy/hadoop-3.1.4/share/hadoop/hdfs/lib/protobuf-java-2.5.0.jar:/home/lfy/hadoop-3.1.4/share/hadoop/hdfs/lib/httpclient-4.5.2.jar:/home/lfy/hadoop-3.1.4/share/hadoop/hdfs/lib/jcip-annotations-1.0-1.jar:/home/lfy/hadoop-3.1.4/share/hadoop/hdfs/lib/jersey-core-1.19.jar:/home/lfy/hadoop-3.1.4/share/hadoop/hdfs/lib/animal-sniffer-annotations-1.17.jar:/home/lfy/hadoop-3.1.4/share/hadoop/hdfs/lib/paranamer-2.3.jar:/home/lfy/hadoop-3.1.4/share/hadoop/hdfs/lib/log4j-1.2.17.jar:/home/lfy/hadoop-3.1.4/share/hadoop/hdfs/lib/jetty-xml-9.4.20.v20190813.jar:/home/lfy/hadoop-3.1.4/share/hadoop/hdfs/lib/htrace-core4-4.1.0-incubating.jar:/home/lfy/hadoop-3.1.4/share/hadoop/hdfs/lib/jetty-servlet-9.4.20.v20190813.jar:/home/lfy/hadoop-3.1.4/share/hadoop/hdfs/lib/jetty-webapp-9.4.20.v20190813.jar:/home/lfy/hadoop-3.1.4/share/hadoop/hdfs/lib/curator-framework-2.13.0.jar:/home/lfy/hadoop-3.1.4/share/hadoop/hdfs/lib/json-simple-1.1.1.jar:/home/lfy/hadoop-3.1.4/share/hadoop/hdfs/lib/jackson-databind-2.9.10.4.jar:/home/lfy/hadoop-3.1.4/share/hadoop/hdfs/lib/kerb-common-1.0.1.jar:/home/lfy/hadoop-3.1.4/share/hadoop/hdfs/lib/kerby-asn1-1.0.1.jar:/home/lfy/hadoop-3.1.4/share/hadoop/hdfs/lib/jetty-security-9.4.20.v20190813.jar:/home/lfy/hadoop-3.1.4/share/hadoop/hdfs/lib/kerby-xdr-1.0.1.jar:/home/lfy/hadoop-3.1.4/share/hadoop/hdfs/lib/failureaccess-1.0.jar:/home/lfy/hadoop-3.1.4/share/hadoop/hdfs/lib/hadoop-annotations-3.1.4.jar:/home/lfy/hadoop-3.1.4/share/hadoop/hdfs/lib/jetty-server-9.4.20.v20190813.jar:/home/lfy/hadoop-3.1.4/share/hadoop/hdfs/lib/kerb-util-1.0.1.jar:/home/lfy/hadoop-3.1.4/share/hadoop/hdfs/lib/commons-logging-1.1.3.jar:/home/lfy/hadoop-3.1.4/share/hadoop/hdfs/lib/commons-beanutils-1.9.4.jar:/home/lfy/hadoop-3.1.4/share/hadoop/hdfs/lib/jsr311-api-1.1.1.jar:/home/lfy/hadoop-3.1.4/share/hadoop/hdfs/lib/kerby-config-1.0.1.jar:/home/lfy/hadoop-3.1.4/share/hadoop/hdfs/lib/jackson-annotations-2.9.10.jar:/home/lfy/hadoop-3.1.4/share/hadoop/hdfs/lib/jetty-util-9.4.20.v20190813.jar:/home/lfy/hadoop-3.1.4/share/hadoop/hdfs/lib/curator-client-2.13.0.jar:/home/lfy/hadoop-3.1.4/share/hadoop/hdfs/lib/jackson-core-asl-1.9.13.jar:/home/lfy/hadoop-3.1.4/share/hadoop/hdfs/lib/checker-qual-2.5.2.jar:/home/lfy/hadoop-3.1.4/share/hadoop/hdfs/lib/kerb-simplekdc-1.0.1.jar:/home/lfy/hadoop-3.1.4/share/hadoop/hdfs/lib/jetty-util-ajax-9.4.20.v20190813.jar:/home/lfy/hadoop-3.1.4/share/hadoop/hdfs/lib/kerby-pkix-1.0.1.jar:/home/lfy/hadoop-3.1.4/share/hadoop/hdfs/lib/commons-net-3.6.jar:/home/lfy/hadoop-3.1.4/share/hadoop/hdfs/lib/leveldbjni-all-1.8.jar:/home/lfy/hadoop-3.1.4/share/hadoop/hdfs/lib/token-provider-1.0.1.jar:/home/lfy/hadoop-3.1.4/share/hadoop/hdfs/lib/javax.servlet-api-3.1.0.jar:/home/lfy/hadoop-3.1.4/share/hadoop/hdfs/lib/commons-lang-2.6.jar:/home/lfy/hadoop-3.1.4/share/hadoop/hdfs/lib/jetty-io-9.4.20.v20190813.jar:/home/lfy/hadoop-3.1.4/share/hadoop/hdfs/lib/commons-codec-1.11.jar:/home/lfy/hadoop-3.1.4/share/hadoop/hdfs/lib/commons-collections-3.2.2.jar:/home/lfy/hadoop-3.1.4/share/hadoop/hdfs/lib/woodstox-core-5.0.3.jar:/home/lfy/hadoop-3.1.4/share/hadoop/hdfs/lib/kerb-client-1.0.1.jar:/home/lfy/hadoop-3.1.4/share/hadoop/hdfs/lib/curator-recipes-2.13.0.jar:/home/lfy/hadoop-3.1.4/share/hadoop/hdfs/lib/accessors-smart-1.2.jar:/home/lfy/hadoop-3.1.4/share/hadoop/hdfs/lib/kerby-util-1.0.1.jar:/home/lfy/hadoop-3.1.4/share/hadoop/hdfs/lib/jetty-http-9.4.20.v20190813.jar:/home/lfy/hadoop-3.1.4/share/hadoop/hdfs/lib/kerb-admin-1.0.1.jar:/home/lfy/hadoop-3.1.4/share/hadoop/hdfs/lib/kerb-core-1.0.1.jar:/home/lfy/hadoop-3.1.4/share/hadoop/hdfs/lib/netty-3.10.6.Final.jar:/home/lfy/hadoop-3.1.4/share/hadoop/hdfs/lib/j2objc-annotations-1.1.jar:/home/lfy/hadoop-3.1.4/share/hadoop/hdfs/lib/commons-cli-1.2.jar:/home/lfy/hadoop-3.1.4/share/hadoop/hdfs/lib/jersey-json-1.19.jar:/home/lfy/hadoop-3.1.4/share/hadoop/hdfs/lib/audience-annotations-0.5.0.jar:/home/lfy/hadoop-3.1.4/share/hadoop/hdfs/lib/commons-daemon-1.0.13.jar:/home/lfy/hadoop-3.1.4/share/hadoop/hdfs/lib/error_prone_annotations-2.2.0.jar:/home/lfy/hadoop-3.1.4/share/hadoop/hdfs/lib/guava-27.0-jre.jar:/home/lfy/hadoop-3.1.4/share/hadoop/hdfs/lib/jersey-servlet-1.19.jar:/home/lfy/hadoop-3.1.4/share/hadoop/hdfs/lib/commons-math3-3.1.1.jar:/home/lfy/hadoop-3.1.4/share/hadoop/hdfs/lib/okhttp-2.7.5.jar:/home/lfy/hadoop-3.1.4/share/hadoop/hdfs/lib/jackson-jaxrs-1.9.13.jar:/home/lfy/hadoop-3.1.4/share/hadoop/hdfs/lib/gson-2.2.4.jar:/home/lfy/hadoop-3.1.4/share/hadoop/hdfs/lib/jaxb-api-2.2.11.jar:/home/lfy/hadoop-3.1.4/share/hadoop/hdfs/lib/stax2-api-3.1.4.jar:/home/lfy/hadoop-3.1.4/share/hadoop/hdfs/hadoop-hdfs-native-client-3.1.4-tests.jar:/home/lfy/hadoop-3.1.4/share/hadoop/hdfs/hadoop-hdfs-httpfs-3.1.4.jar:/home/lfy/hadoop-3.1.4/share/hadoop/hdfs/hadoop-hdfs-native-client-3.1.4.jar:/home/lfy/hadoop-3.1.4/share/hadoop/hdfs/hadoop-hdfs-3.1.4.jar:/home/lfy/hadoop-3.1.4/share/hadoop/hdfs/hadoop-hdfs-3.1.4-tests.jar:/home/lfy/hadoop-3.1.4/share/hadoop/hdfs/hadoop-hdfs-rbf-3.1.4-tests.jar:/home/lfy/hadoop-3.1.4/share/hadoop/hdfs/hadoop-hdfs-client-3.1.4-tests.jar:/home/lfy/hadoop-3.1.4/share/hadoop/hdfs/hadoop-hdfs-rbf-3.1.4.jar:/home/lfy/hadoop-3.1.4/share/hadoop/hdfs/hadoop-hdfs-nfs-3.1.4.jar:/home/lfy/hadoop-3.1.4/share/hadoop/hdfs/hadoop-hdfs-client-3.1.4.jar:/home/lfy/hadoop-3.1.4/share/hadoop/mapreduce/lib/hamcrest-core-1.3.jar:/home/lfy/hadoop-3.1.4/share/hadoop/mapreduce/lib/junit-4.11.jar:/home/lfy/hadoop-3.1.4/share/hadoop/mapreduce/hadoop-mapreduce-client-nativetask-3.1.4.jar:/home/lfy/hadoop-3.1.4/share/hadoop/mapreduce/hadoop-mapreduce-client-uploader-3.1.4.jar:/home/lfy/hadoop-3.1.4/share/hadoop/mapreduce/hadoop-mapreduce-examples-3.1.4.jar:/home/lfy/hadoop-3.1.4/share/hadoop/mapreduce/hadoop-mapreduce-client-shuffle-3.1.4.jar:/home/lfy/hadoop-3.1.4/share/hadoop/mapreduce/hadoop-mapreduce-client-core-3.1.4.jar:/home/lfy/hadoop-3.1.4/share/hadoop/mapreduce/hadoop-mapreduce-client-common-3.1.4.jar:/home/lfy/hadoop-3.1.4/share/hadoop/mapreduce/hadoop-mapreduce-client-app-3.1.4.jar:/home/lfy/hadoop-3.1.4/share/hadoop/mapreduce/hadoop-mapreduce-client-jobclient-3.1.4.jar:/home/lfy/hadoop-3.1.4/share/hadoop/mapreduce/hadoop-mapreduce-client-jobclient-3.1.4-tests.jar:/home/lfy/hadoop-3.1.4/share/hadoop/mapreduce/hadoop-mapreduce-client-hs-plugins-3.1.4.jar:/home/lfy/hadoop-3.1.4/share/hadoop/mapreduce/hadoop-mapreduce-client-hs-3.1.4.jar:/home/lfy/hadoop-3.1.4/share/hadoop/yarn:/home/lfy/hadoop-3.1.4/share/hadoop/yarn/lib/snakeyaml-1.16.jar:/home/lfy/hadoop-3.1.4/share/hadoop/yarn/lib/jackson-jaxrs-base-2.9.10.jar:/home/lfy/hadoop-3.1.4/share/hadoop/yarn/lib/jackson-jaxrs-json-provider-2.9.10.jar:/home/lfy/hadoop-3.1.4/share/hadoop/yarn/lib/jersey-client-1.19.jar:/home/lfy/hadoop-3.1.4/share/hadoop/yarn/lib/aopalliance-1.0.jar:/home/lfy/hadoop-3.1.4/share/hadoop/yarn/lib/ehcache-3.3.1.jar:/home/lfy/hadoop-3.1.4/share/hadoop/yarn/lib/java-util-1.9.0.jar:/home/lfy/hadoop-3.1.4/share/hadoop/yarn/lib/json-io-2.5.1.jar:/home/lfy/hadoop-3.1.4/share/hadoop/yarn/lib/javax.inject-1.jar:/home/lfy/hadoop-3.1.4/share/hadoop/yarn/lib/mssql-jdbc-6.2.1.jre7.jar:/home/lfy/hadoop-3.1.4/share/hadoop/yarn/lib/jackson-module-jaxb-annotations-2.9.10.jar:/home/lfy/hadoop-3.1.4/share/hadoop/yarn/lib/objenesis-1.0.jar:/home/lfy/hadoop-3.1.4/share/hadoop/yarn/lib/HikariCP-java7-2.4.12.jar:/home/lfy/hadoop-3.1.4/share/hadoop/yarn/lib/guice-4.0.jar:/home/lfy/hadoop-3.1.4/share/hadoop/yarn/lib/geronimo-jcache_1.0_spec-1.0-alpha-1.jar:/home/lfy/hadoop-3.1.4/share/hadoop/yarn/lib/fst-2.50.jar:/home/lfy/hadoop-3.1.4/share/hadoop/yarn/lib/jersey-guice-1.19.jar:/home/lfy/hadoop-3.1.4/share/hadoop/yarn/lib/dnsjava-2.1.7.jar:/home/lfy/hadoop-3.1.4/share/hadoop/yarn/lib/guice-servlet-4.0.jar:/home/lfy/hadoop-3.1.4/share/hadoop/yarn/lib/metrics-core-3.2.4.jar:/home/lfy/hadoop-3.1.4/share/hadoop/yarn/lib/swagger-annotations-1.5.4.jar:/home/lfy/hadoop-3.1.4/share/hadoop/yarn/hadoop-yarn-server-sharedcachemanager-3.1.4.jar:/home/lfy/hadoop-3.1.4/share/hadoop/yarn/hadoop-yarn-services-core-3.1.4.jar:/home/lfy/hadoop-3.1.4/share/hadoop/yarn/hadoop-yarn-server-resourcemanager-3.1.4.jar:/home/lfy/hadoop-3.1.4/share/hadoop/yarn/hadoop-yarn-common-3.1.4.jar:/home/lfy/hadoop-3.1.4/share/hadoop/yarn/hadoop-yarn-applications-unmanaged-am-launcher-3.1.4.jar:/home/lfy/hadoop-3.1.4/share/hadoop/yarn/hadoop-yarn-server-tests-3.1.4.jar:/home/lfy/hadoop-3.1.4/share/hadoop/yarn/hadoop-yarn-services-api-3.1.4.jar:/home/lfy/hadoop-3.1.4/share/hadoop/yarn/hadoop-yarn-server-common-3.1.4.jar:/home/lfy/hadoop-3.1.4/share/hadoop/yarn/hadoop-yarn-server-timeline-pluginstorage-3.1.4.jar:/home/lfy/hadoop-3.1.4/share/hadoop/yarn/hadoop-yarn-applications-distributedshell-3.1.4.jar:/home/lfy/hadoop-3.1.4/share/hadoop/yarn/hadoop-yarn-registry-3.1.4.jar:/home/lfy/hadoop-3.1.4/share/hadoop/yarn/hadoop-yarn-server-router-3.1.4.jar:/home/lfy/hadoop-3.1.4/share/hadoop/yarn/hadoop-yarn-api-3.1.4.jar:/home/lfy/hadoop-3.1.4/share/hadoop/yarn/hadoop-yarn-client-3.1.4.jar:/home/lfy/hadoop-3.1.4/share/hadoop/yarn/hadoop-yarn-server-nodemanager-3.1.4.jar:/home/lfy/hadoop-3.1.4/share/hadoop/yarn/hadoop-yarn-server-applicationhistoryservice-3.1.4.jar:/home/lfy/hadoop-3.1.4/share/hadoop/yarn/hadoop-yarn-server-web-proxy-3.1.4.jar:/home/lfy/hadoop-3.1.4/share/hadoop/yarn/timelineservice/hadoop-yarn-server-timelineservice-hbase-coprocessor-3.1.4.jar:/home/lfy/hadoop-3.1.4/share/hadoop/yarn/timelineservice/hadoop-yarn-server-timelineservice-hbase-common-3.1.4.jar:/home/lfy/hadoop-3.1.4/share/hadoop/yarn/timelineservice/hadoop-yarn-server-timelineservice-3.1.4.jar:/home/lfy/hadoop-3.1.4/share/hadoop/yarn/timelineservice/hadoop-yarn-server-timelineservice-hbase-client-3.1.4.jar:/home/lfy/hadoop-3.1.4/share/hadoop/yarn/timelineservice/lib/htrace-core-3.1.0-incubating.jar:/home/lfy/hadoop-3.1.4/share/hadoop/yarn/timelineservice/lib/metrics-core-2.2.0.jar:/home/lfy/hadoop-3.1.4/share/hadoop/yarn/timelineservice/lib/commons-csv-1.0.jar:/home/lfy/hadoop-3.1.4/share/hadoop/yarn/timelineservice/lib/hbase-annotations-1.2.6.jar:/home/lfy/hadoop-3.1.4/share/hadoop/yarn/timelineservice/lib/hbase-client-1.2.6.jar:/home/lfy/hadoop-3.1.4/share/hadoop/yarn/timelineservice/lib/hbase-common-1.2.6.jar:/home/lfy/hadoop-3.1.4/share/hadoop/yarn/timelineservice/lib/hbase-protocol-1.2.6.jar:/home/lfy/hadoop-3.1.4/share/hadoop/yarn/timelineservice/lib/jcodings-1.0.13.jar:/home/lfy/hadoop-3.1.4/share/hadoop/yarn/timelineservice/lib/joni-2.1.2.jar
STARTUP_MSG:   build = https://github.com/apache/hadoop.git -r 1e877761e8dadd71effef30e592368f7fe66a61b; compiled by 'gabota' on 2020-07-21T08:05Z
STARTUP_MSG:   java = 1.8.0_251
************************************************************/
2021-05-26 17:32:18,610 INFO org.apache.hadoop.yarn.server.resourcemanager.ResourceManager: registered UNIX signal handlers for [TERM, HUP, INT]
2021-05-26 17:32:18,884 INFO org.apache.hadoop.conf.Configuration: found resource core-site.xml at file:/home/lfy/hadoop-3.1.4/etc/hadoop/core-site.xml
2021-05-26 17:32:18,920 INFO org.apache.hadoop.conf.Configuration: resource-types.xml not found
2021-05-26 17:32:18,921 INFO org.apache.hadoop.yarn.util.resource.ResourceUtils: Unable to find 'resource-types.xml'.
2021-05-26 17:32:18,952 INFO org.apache.hadoop.conf.Configuration: found resource yarn-site.xml at file:/home/lfy/hadoop-3.1.4/etc/hadoop/yarn-site.xml
2021-05-26 17:32:18,962 INFO org.apache.hadoop.yarn.event.AsyncDispatcher: Registering class org.apache.hadoop.yarn.server.resourcemanager.RMFatalEventType for class org.apache.hadoop.yarn.server.resourcemanager.ResourceManager$RMFatalEventDispatcher
2021-05-26 17:32:19,137 INFO org.apache.hadoop.yarn.server.resourcemanager.security.NMTokenSecretManagerInRM: NMTokenKeyRollingInterval: 86400000ms and NMTokenKeyActivationDelay: 900000ms
2021-05-26 17:32:19,146 INFO org.apache.hadoop.yarn.server.resourcemanager.security.RMContainerTokenSecretManager: ContainerTokenKeyRollingInterval: 86400000ms and ContainerTokenKeyActivationDelay: 900000ms
2021-05-26 17:32:19,154 INFO org.apache.hadoop.yarn.server.resourcemanager.security.AMRMTokenSecretManager: AMRMTokenKeyRollingInterval: 86400000ms and AMRMTokenKeyActivationDelay: 900000 ms
2021-05-26 17:32:19,195 INFO org.apache.hadoop.yarn.event.AsyncDispatcher: Registering class org.apache.hadoop.yarn.server.resourcemanager.recovery.RMStateStoreEventType for class org.apache.hadoop.yarn.server.resourcemanager.recovery.RMStateStore$ForwardingEventHandler
2021-05-26 17:32:19,198 INFO org.apache.hadoop.yarn.event.AsyncDispatcher: Registering class org.apache.hadoop.yarn.server.resourcemanager.NodesListManagerEventType for class org.apache.hadoop.yarn.server.resourcemanager.NodesListManager
2021-05-26 17:32:19,199 INFO org.apache.hadoop.yarn.server.resourcemanager.ResourceManager: Using Scheduler: org.apache.hadoop.yarn.server.resourcemanager.scheduler.capacity.CapacityScheduler
2021-05-26 17:32:19,235 INFO org.apache.hadoop.yarn.event.AsyncDispatcher: Registering class org.apache.hadoop.yarn.server.resourcemanager.scheduler.event.SchedulerEventType for class org.apache.hadoop.yarn.event.EventDispatcher
2021-05-26 17:32:19,236 INFO org.apache.hadoop.yarn.event.AsyncDispatcher: Registering class org.apache.hadoop.yarn.server.resourcemanager.rmapp.RMAppEventType for class org.apache.hadoop.yarn.server.resourcemanager.ResourceManager$ApplicationEventDispatcher
2021-05-26 17:32:19,237 INFO org.apache.hadoop.yarn.event.AsyncDispatcher: Registering class org.apache.hadoop.yarn.server.resourcemanager.rmapp.attempt.RMAppAttemptEventType for class org.apache.hadoop.yarn.server.resourcemanager.ResourceManager$ApplicationAttemptEventDispatcher
2021-05-26 17:32:19,238 INFO org.apache.hadoop.yarn.event.AsyncDispatcher: Registering class org.apache.hadoop.yarn.server.resourcemanager.rmnode.RMNodeEventType for class org.apache.hadoop.yarn.server.resourcemanager.ResourceManager$NodeEventDispatcher
2021-05-26 17:32:19,303 INFO org.apache.hadoop.metrics2.impl.MetricsConfig: loaded properties from hadoop-metrics2.properties
2021-05-26 17:32:19,347 INFO org.apache.hadoop.metrics2.impl.MetricsSystemImpl: Scheduled Metric snapshot period at 10 second(s).
2021-05-26 17:32:19,347 INFO org.apache.hadoop.metrics2.impl.MetricsSystemImpl: ResourceManager metrics system started
2021-05-26 17:32:19,358 INFO org.apache.hadoop.yarn.security.YarnAuthorizationProvider: org.apache.hadoop.yarn.security.ConfiguredYarnAuthorizer is instantiated.
2021-05-26 17:32:19,360 INFO org.apache.hadoop.yarn.event.AsyncDispatcher: Registering class org.apache.hadoop.yarn.server.resourcemanager.RMAppManagerEventType for class org.apache.hadoop.yarn.server.resourcemanager.RMAppManager
2021-05-26 17:32:19,365 INFO org.apache.hadoop.yarn.event.AsyncDispatcher: Registering class org.apache.hadoop.yarn.server.resourcemanager.amlauncher.AMLauncherEventType for class org.apache.hadoop.yarn.server.resourcemanager.amlauncher.ApplicationMasterLauncher
2021-05-26 17:32:19,366 INFO org.apache.hadoop.yarn.server.resourcemanager.RMNMInfo: Registered RMNMInfo MBean
2021-05-26 17:32:19,366 INFO org.apache.hadoop.yarn.server.resourcemanager.rmapp.monitor.RMAppLifetimeMonitor: Application lifelime monitor interval set to 3000 ms.
2021-05-26 17:32:19,371 INFO org.apache.hadoop.util.HostsFileReader: Refreshing hosts (include/exclude) list
2021-05-26 17:32:19,376 INFO org.apache.hadoop.conf.Configuration: found resource capacity-scheduler.xml at file:/home/lfy/hadoop-3.1.4/etc/hadoop/capacity-scheduler.xml
2021-05-26 17:32:19,386 INFO org.apache.hadoop.yarn.server.resourcemanager.scheduler.AbstractYarnScheduler: Minimum allocation = <memory:1024, vCores:1>
2021-05-26 17:32:19,387 INFO org.apache.hadoop.yarn.server.resourcemanager.scheduler.AbstractYarnScheduler: Maximum allocation = <memory:8192, vCores:4>
2021-05-26 17:32:19,414 INFO org.apache.hadoop.yarn.server.resourcemanager.scheduler.capacity.CapacitySchedulerConfiguration: max alloc mb per queue for root is undefined
2021-05-26 17:32:19,414 INFO org.apache.hadoop.yarn.server.resourcemanager.scheduler.capacity.CapacitySchedulerConfiguration: max alloc vcore per queue for root is undefined
2021-05-26 17:32:19,420 INFO org.apache.hadoop.yarn.server.resourcemanager.scheduler.capacity.ParentQueue: root, capacity=1.0, absoluteCapacity=1.0, maxCapacity=1.0, absoluteMaxCapacity=1.0, state=RUNNING, acls=ADMINISTER_QUEUE:*SUBMIT_APP:*, labels=*,
, reservationsContinueLooking=true, orderingPolicy=utilization, priority=0
2021-05-26 17:32:19,421 INFO org.apache.hadoop.yarn.server.resourcemanager.scheduler.capacity.ParentQueue: Initialized parent-queue root name=root, fullname=root
2021-05-26 17:32:19,433 INFO org.apache.hadoop.yarn.server.resourcemanager.scheduler.capacity.CapacitySchedulerConfiguration: max alloc mb per queue for root.default is undefined
2021-05-26 17:32:19,433 INFO org.apache.hadoop.yarn.server.resourcemanager.scheduler.capacity.CapacitySchedulerConfiguration: max alloc vcore per queue for root.default is undefined
2021-05-26 17:32:19,435 INFO org.apache.hadoop.yarn.server.resourcemanager.scheduler.capacity.LeafQueue: Initializing default
capacity = 1.0 [= (float) configuredCapacity / 100 ]
absoluteCapacity = 1.0 [= parentAbsoluteCapacity * capacity ]
maxCapacity = 1.0 [= configuredMaxCapacity ]
absoluteMaxCapacity = 1.0 [= 1.0 maximumCapacity undefined, (parentAbsoluteMaxCapacity * maximumCapacity) / 100 otherwise ]
effectiveMinResource=<memory:0, vCores:0>
 , effectiveMaxResource=<memory:0, vCores:0>
userLimit = 100 [= configuredUserLimit ]
userLimitFactor = 1.0 [= configuredUserLimitFactor ]
maxApplications = 10000 [= configuredMaximumSystemApplicationsPerQueue or (int)(configuredMaximumSystemApplications * absoluteCapacity)]
maxApplicationsPerUser = 10000 [= (int)(maxApplications * (userLimit / 100.0f) * userLimitFactor) ]
usedCapacity = 0.0 [= usedResourcesMemory / (clusterResourceMemory * absoluteCapacity)]
absoluteUsedCapacity = 0.0 [= usedResourcesMemory / clusterResourceMemory]
maxAMResourcePerQueuePercent = 0.1 [= configuredMaximumAMResourcePercent ]
minimumAllocationFactor = 0.875 [= (float)(maximumAllocationMemory - minimumAllocationMemory) / maximumAllocationMemory ]
maximumAllocation = <memory:8192, vCores:4> [= configuredMaxAllocation ]
numContainers = 0 [= currentNumContainers ]
state = RUNNING [= configuredState ]
acls = ADMINISTER_QUEUE:*SUBMIT_APP:* [= configuredAcls ]
nodeLocalityDelay = 40
rackLocalityAdditionalDelay = -1
labels=*,
reservationsContinueLooking = true
preemptionDisabled = true
defaultAppPriorityPerQueue = 0
priority = 0
maxLifetime = -1 seconds
defaultLifetime = -1 seconds
2021-05-26 17:32:19,436 INFO org.apache.hadoop.yarn.server.resourcemanager.scheduler.capacity.CapacitySchedulerQueueManager: Initialized queue: default: capacity=1.0, absoluteCapacity=1.0, usedResources=<memory:0, vCores:0>, usedCapacity=0.0, absoluteUsedCapacity=0.0, numApps=0, numContainers=0, effectiveMinResource=<memory:0, vCores:0> , effectiveMaxResource=<memory:0, vCores:0>
2021-05-26 17:32:19,436 INFO org.apache.hadoop.yarn.server.resourcemanager.scheduler.capacity.CapacitySchedulerQueueManager: Initialized queue: root: numChildQueue= 1, capacity=1.0, absoluteCapacity=1.0, usedResources=<memory:0, vCores:0>usedCapacity=0.0, numApps=0, numContainers=0
2021-05-26 17:32:19,437 INFO org.apache.hadoop.yarn.server.resourcemanager.scheduler.capacity.CapacitySchedulerQueueManager: Initialized root queue root: numChildQueue= 1, capacity=1.0, absoluteCapacity=1.0, usedResources=<memory:0, vCores:0>usedCapacity=0.0, numApps=0, numContainers=0
2021-05-26 17:32:19,437 INFO org.apache.hadoop.yarn.server.resourcemanager.placement.UserGroupMappingPlacementRule: Initialized queue mappings, override: false
2021-05-26 17:32:19,437 INFO org.apache.hadoop.yarn.server.resourcemanager.scheduler.capacity.WorkflowPriorityMappingsManager: Initialized workflow priority mappings, override: false
2021-05-26 17:32:19,438 INFO org.apache.hadoop.yarn.server.resourcemanager.scheduler.capacity.CapacityScheduler: Initialized CapacityScheduler with calculator=class org.apache.hadoop.yarn.util.resource.DefaultResourceCalculator, minimumAllocation=<<memory:1024, vCores:1>>, maximumAllocation=<<memory:8192, vCores:4>>, asynchronousScheduling=false, asyncScheduleInterval=5ms
2021-05-26 17:32:19,440 INFO org.apache.hadoop.conf.Configuration: dynamic-resources.xml not found
2021-05-26 17:32:19,441 INFO org.apache.hadoop.yarn.server.resourcemanager.AMSProcessingChain: Initializing AMS Processing chain. Root Processor=[org.apache.hadoop.yarn.server.resourcemanager.DefaultAMSProcessor].
2021-05-26 17:32:19,441 INFO org.apache.hadoop.yarn.server.resourcemanager.ApplicationMasterService: disabled placement handler will be used, all scheduling requests will be rejected.
2021-05-26 17:32:19,442 INFO org.apache.hadoop.yarn.server.resourcemanager.AMSProcessingChain: Adding [org.apache.hadoop.yarn.server.resourcemanager.scheduler.constraint.processor.DisabledPlacementProcessor] tp top of AMS Processing chain. 
2021-05-26 17:32:19,447 INFO org.apache.hadoop.yarn.server.resourcemanager.ResourceManager: TimelineServicePublisher is not configured
2021-05-26 17:32:19,474 INFO org.eclipse.jetty.util.log: Logging initialized @1297ms to org.eclipse.jetty.util.log.Slf4jLog
2021-05-26 17:32:19,536 INFO org.apache.hadoop.security.authentication.server.AuthenticationFilter: Unable to initialize FileSignerSecretProvider, falling back to use random secrets.
2021-05-26 17:32:19,539 INFO org.apache.hadoop.http.HttpRequestLog: Http request log for http.requests.resourcemanager is not defined
2021-05-26 17:32:19,543 INFO org.apache.hadoop.http.HttpServer2: Added global filter 'safety' (class=org.apache.hadoop.http.HttpServer2$QuotingInputFilter)
2021-05-26 17:32:19,547 INFO org.apache.hadoop.http.HttpServer2: Added filter RMAuthenticationFilter (class=org.apache.hadoop.yarn.server.security.http.RMAuthenticationFilter) to context cluster
2021-05-26 17:32:19,547 INFO org.apache.hadoop.http.HttpServer2: Added filter RMAuthenticationFilter (class=org.apache.hadoop.yarn.server.security.http.RMAuthenticationFilter) to context static
2021-05-26 17:32:19,547 INFO org.apache.hadoop.http.HttpServer2: Added filter RMAuthenticationFilter (class=org.apache.hadoop.yarn.server.security.http.RMAuthenticationFilter) to context logs
2021-05-26 17:32:19,547 INFO org.apache.hadoop.http.HttpServer2: Added filter static_user_filter (class=org.apache.hadoop.http.lib.StaticUserWebFilter$StaticUserFilter) to context cluster
2021-05-26 17:32:19,547 INFO org.apache.hadoop.http.HttpServer2: Added filter static_user_filter (class=org.apache.hadoop.http.lib.StaticUserWebFilter$StaticUserFilter) to context static
2021-05-26 17:32:19,547 INFO org.apache.hadoop.http.HttpServer2: Added filter static_user_filter (class=org.apache.hadoop.http.lib.StaticUserWebFilter$StaticUserFilter) to context logs
2021-05-26 17:32:19,549 INFO org.apache.hadoop.http.HttpServer2: adding path spec: /cluster/*
2021-05-26 17:32:19,549 INFO org.apache.hadoop.http.HttpServer2: adding path spec: /ws/*
2021-05-26 17:32:19,549 INFO org.apache.hadoop.http.HttpServer2: adding path spec: /app/*
2021-05-26 17:32:19,936 INFO org.apache.hadoop.yarn.webapp.WebApps: Registered webapp guice modules
2021-05-26 17:32:19,939 INFO org.apache.hadoop.http.HttpServer2: HttpServer.start() threw a non Bind IOException
java.net.BindException: Port in use: 10.176.24.160:18093
	at org.apache.hadoop.http.HttpServer2.constructBindException(HttpServer2.java:1226)
	at org.apache.hadoop.http.HttpServer2.bindForSinglePort(HttpServer2.java:1248)
	at org.apache.hadoop.http.HttpServer2.openListeners(HttpServer2.java:1307)
	at org.apache.hadoop.http.HttpServer2.start(HttpServer2.java:1162)
	at org.apache.hadoop.yarn.webapp.WebApps$Builder.start(WebApps.java:439)
	at org.apache.hadoop.yarn.server.resourcemanager.ResourceManager.startWepApp(ResourceManager.java:1213)
	at org.apache.hadoop.yarn.server.resourcemanager.ResourceManager.serviceStart(ResourceManager.java:1322)
	at org.apache.hadoop.service.AbstractService.start(AbstractService.java:194)
	at org.apache.hadoop.yarn.server.resourcemanager.ResourceManager.main(ResourceManager.java:1519)
Caused by: java.io.IOException: Failed to bind to /10.176.24.160:18093
	at org.eclipse.jetty.server.ServerConnector.openAcceptChannel(ServerConnector.java:346)
	at org.eclipse.jetty.server.ServerConnector.open(ServerConnector.java:307)
	at org.apache.hadoop.http.HttpServer2.bindListener(HttpServer2.java:1213)
	at org.apache.hadoop.http.HttpServer2.bindForSinglePort(HttpServer2.java:1244)
	... 7 more
Caused by: java.net.BindException: Cannot assign requested address
	at sun.nio.ch.Net.bind0(Native Method)
	at sun.nio.ch.Net.bind(Net.java:433)
	at sun.nio.ch.Net.bind(Net.java:425)
	at sun.nio.ch.ServerSocketChannelImpl.bind(ServerSocketChannelImpl.java:223)
	at sun.nio.ch.ServerSocketAdaptor.bind(ServerSocketAdaptor.java:74)
	at org.eclipse.jetty.server.ServerConnector.openAcceptChannel(ServerConnector.java:342)
	... 10 more
2021-05-26 17:32:19,940 INFO org.apache.hadoop.service.AbstractService: Service ResourceManager failed in state STARTED
org.apache.hadoop.yarn.webapp.WebAppException: Error starting http server
	at org.apache.hadoop.yarn.webapp.WebApps$Builder.start(WebApps.java:443)
	at org.apache.hadoop.yarn.server.resourcemanager.ResourceManager.startWepApp(ResourceManager.java:1213)
	at org.apache.hadoop.yarn.server.resourcemanager.ResourceManager.serviceStart(ResourceManager.java:1322)
	at org.apache.hadoop.service.AbstractService.start(AbstractService.java:194)
	at org.apache.hadoop.yarn.server.resourcemanager.ResourceManager.main(ResourceManager.java:1519)
Caused by: java.net.BindException: Port in use: 10.176.24.160:18093
	at org.apache.hadoop.http.HttpServer2.constructBindException(HttpServer2.java:1226)
	at org.apache.hadoop.http.HttpServer2.bindForSinglePort(HttpServer2.java:1248)
	at org.apache.hadoop.http.HttpServer2.openListeners(HttpServer2.java:1307)
	at org.apache.hadoop.http.HttpServer2.start(HttpServer2.java:1162)
	at org.apache.hadoop.yarn.webapp.WebApps$Builder.start(WebApps.java:439)
	... 4 more
Caused by: java.io.IOException: Failed to bind to /10.176.24.160:18093
	at org.eclipse.jetty.server.ServerConnector.openAcceptChannel(ServerConnector.java:346)
	at org.eclipse.jetty.server.ServerConnector.open(ServerConnector.java:307)
	at org.apache.hadoop.http.HttpServer2.bindListener(HttpServer2.java:1213)
	at org.apache.hadoop.http.HttpServer2.bindForSinglePort(HttpServer2.java:1244)
	... 7 more
Caused by: java.net.BindException: Cannot assign requested address
	at sun.nio.ch.Net.bind0(Native Method)
	at sun.nio.ch.Net.bind(Net.java:433)
	at sun.nio.ch.Net.bind(Net.java:425)
	at sun.nio.ch.ServerSocketChannelImpl.bind(ServerSocketChannelImpl.java:223)
	at sun.nio.ch.ServerSocketAdaptor.bind(ServerSocketAdaptor.java:74)
	at org.eclipse.jetty.server.ServerConnector.openAcceptChannel(ServerConnector.java:342)
	... 10 more
2021-05-26 17:32:19,942 INFO org.apache.hadoop.yarn.server.resourcemanager.ResourceManager: Transitioning to standby state
2021-05-26 17:32:19,942 INFO org.apache.hadoop.yarn.server.resourcemanager.ResourceManager: Transitioned to standby state
2021-05-26 17:32:19,942 FATAL org.apache.hadoop.yarn.server.resourcemanager.ResourceManager: Error starting ResourceManager
org.apache.hadoop.yarn.webapp.WebAppException: Error starting http server
	at org.apache.hadoop.yarn.webapp.WebApps$Builder.start(WebApps.java:443)
	at org.apache.hadoop.yarn.server.resourcemanager.ResourceManager.startWepApp(ResourceManager.java:1213)
	at org.apache.hadoop.yarn.server.resourcemanager.ResourceManager.serviceStart(ResourceManager.java:1322)
	at org.apache.hadoop.service.AbstractService.start(AbstractService.java:194)
	at org.apache.hadoop.yarn.server.resourcemanager.ResourceManager.main(ResourceManager.java:1519)
Caused by: java.net.BindException: Port in use: 10.176.24.160:18093
	at org.apache.hadoop.http.HttpServer2.constructBindException(HttpServer2.java:1226)
	at org.apache.hadoop.http.HttpServer2.bindForSinglePort(HttpServer2.java:1248)
	at org.apache.hadoop.http.HttpServer2.openListeners(HttpServer2.java:1307)
	at org.apache.hadoop.http.HttpServer2.start(HttpServer2.java:1162)
	at org.apache.hadoop.yarn.webapp.WebApps$Builder.start(WebApps.java:439)
	... 4 more
Caused by: java.io.IOException: Failed to bind to /10.176.24.160:18093
	at org.eclipse.jetty.server.ServerConnector.openAcceptChannel(ServerConnector.java:346)
	at org.eclipse.jetty.server.ServerConnector.open(ServerConnector.java:307)
	at org.apache.hadoop.http.HttpServer2.bindListener(HttpServer2.java:1213)
	at org.apache.hadoop.http.HttpServer2.bindForSinglePort(HttpServer2.java:1244)
	... 7 more
Caused by: java.net.BindException: Cannot assign requested address
	at sun.nio.ch.Net.bind0(Native Method)
	at sun.nio.ch.Net.bind(Net.java:433)
	at sun.nio.ch.Net.bind(Net.java:425)
	at sun.nio.ch.ServerSocketChannelImpl.bind(ServerSocketChannelImpl.java:223)
	at sun.nio.ch.ServerSocketAdaptor.bind(ServerSocketAdaptor.java:74)
	at org.eclipse.jetty.server.ServerConnector.openAcceptChannel(ServerConnector.java:342)
	... 10 more
2021-05-26 17:32:19,945 INFO org.apache.hadoop.yarn.server.resourcemanager.ResourceManager: SHUTDOWN_MSG: 
/************************************************************
SHUTDOWN_MSG: Shutting down ResourceManager at amax8/10.176.24.161
************************************************************/
